<?xml version="1.0" encoding="UTF-8"?>
<!-- Generated by org.testng.reporters.JUnitReportReporter -->
<testsuite skipped="0" hostname="CHM-IT002-L065" name="Greenview.Automation.AddPropertyTest" tests="1" failures="0" timestamp="2020-10-29T21:49:22 IST" time="271.241" errors="0">
  <testcase name="Login" time="271.241" classname="Greenview.Automation.AddPropertyTest"/>
  <system-out/>
</testsuite> <!-- Greenview.Automation.AddPropertyTest -->
