<?xml version="1.0" encoding="UTF-8"?>
<!-- Generated by org.testng.reporters.JUnitReportReporter -->
<testsuite skipped="0" hostname="DESKTOP-HALOTD4" name="Greenview.Automation.AppTest" tests="1" failures="0" timestamp="2020-09-03T15:43:27 IST" time="344.994" errors="0">
  <testcase name="Login" time="344.994" classname="Greenview.Automation.AppTest"/>
  <system-out/>
</testsuite> <!-- Greenview.Automation.AppTest -->
