<?xml version="1.0" encoding="UTF-8"?>
<!-- Generated by org.testng.reporters.JUnitReportReporter -->
<testsuite skipped="1" hostname="CHM-IT002-L065" name="Greenview.Automation.SearchUserTest" tests="1" failures="0" timestamp="27 Sep 2020 17:21:47 GMT" time="0.000" errors="0">
  <testcase name="Login" time="0.000" classname="Greenview.Automation.SearchUserTest">
    <skipped/>
  </testcase> <!-- Login -->
</testsuite> <!-- Greenview.Automation.SearchUserTest -->
